<?xml version="1.0" encoding="UTF-8"?>
<testng-results ignored="0" total="1" passed="1" failed="0" skipped="0">
  <reporter-output>
  </reporter-output>
  <suite started-at="2024-04-03T13:58:45 IST" name="Default suite" finished-at="2024-04-03T13:59:51 IST" duration-ms="66558">
    <groups>
    </groups>
    <test started-at="2024-04-03T13:58:45 IST" name="Default test" finished-at="2024-04-03T13:59:51 IST" duration-ms="66558">
      <class name="testcase.AddItemToCart">
        <test-method is-config="true" signature="setup()[pri:0, instance:testcase.AddItemToCart@1d296da]" started-at="2024-04-03T13:57:58 IST" name="setup" finished-at="2024-04-03T13:58:45 IST" duration-ms="47194" status="PASS">
          <reporter-output>
          </reporter-output>
        </test-method> <!-- setup -->
        <test-method signature="addItemToCart()[pri:0, instance:testcase.AddItemToCart@1d296da]" started-at="2024-04-03T13:58:47 IST" name="addItemToCart" finished-at="2024-04-03T13:59:51 IST" duration-ms="64566" status="PASS">
          <reporter-output>
          </reporter-output>
        </test-method> <!-- addItemToCart -->
      </class> <!-- testcase.AddItemToCart -->
    </test> <!-- Default test -->
  </suite> <!-- Default suite -->
</testng-results>
